Traceback (most recent call last):
  File "/home/george/drought-311-venv/lib64/python3.11/site-packages/jupyter_cache/executors/utils.py", line 58, in single_nb_execution
    executenb(
  File "/home/george/drought-311-venv/lib64/python3.11/site-packages/nbclient/client.py", line 1314, in execute
    return NotebookClient(nb=nb, resources=resources, km=km, **kwargs).execute()
           ^^^^^^^^^^^^^^^^^^^^^^^^^^^^^^^^^^^^^^^^^^^^^^^^^^^^^^^^^^^^^^^^^^^^^
  File "/home/george/drought-311-venv/lib64/python3.11/site-packages/jupyter_core/utils/__init__.py", line 165, in wrapped
    return loop.run_until_complete(inner)
           ^^^^^^^^^^^^^^^^^^^^^^^^^^^^^^
  File "/usr/lib64/python3.11/asyncio/base_events.py", line 654, in run_until_complete
    return future.result()
           ^^^^^^^^^^^^^^^
  File "/home/george/drought-311-venv/lib64/python3.11/site-packages/nbclient/client.py", line 709, in async_execute
    await self.async_execute_cell(
  File "/home/george/drought-311-venv/lib64/python3.11/site-packages/nbclient/client.py", line 1062, in async_execute_cell
    await self._check_raise_for_error(cell, cell_index, exec_reply)
  File "/home/george/drought-311-venv/lib64/python3.11/site-packages/nbclient/client.py", line 918, in _check_raise_for_error
    raise CellExecutionError.from_cell_and_msg(cell, exec_reply_content)
nbclient.exceptions.CellExecutionError: An error occurred while executing the following cell:
------------------
# Load dataset
spei_data = get_spei_dataset(acc_period=12, years=list(range(1940, 2025)))
spei48_region = mask_invalid_values(spei_data, variable='SPEI12')
------------------


[0;31m---------------------------------------------------------------------------[0m
[0;31mKeyError[0m                                  Traceback (most recent call last)
File [0;32m~/drought-311-venv/lib64/python3.11/site-packages/xarray/backends/file_manager.py:211[0m, in [0;36mCachingFileManager._acquire_with_cache_info[0;34m(self, needs_lock)[0m
[1;32m    210[0m [38;5;28;01mtry[39;00m:
[0;32m--> 211[0m     file [38;5;241m=[39m [38;5;28;43mself[39;49m[38;5;241;43m.[39;49m[43m_cache[49m[43m[[49m[38;5;28;43mself[39;49m[38;5;241;43m.[39;49m[43m_key[49m[43m][49m
[1;32m    212[0m [38;5;28;01mexcept[39;00m [38;5;167;01mKeyError[39;00m:

File [0;32m~/drought-311-venv/lib64/python3.11/site-packages/xarray/backends/lru_cache.py:56[0m, in [0;36mLRUCache.__getitem__[0;34m(self, key)[0m
[1;32m     55[0m [38;5;28;01mwith[39;00m [38;5;28mself[39m[38;5;241m.[39m_lock:
[0;32m---> 56[0m     value [38;5;241m=[39m [38;5;28;43mself[39;49m[38;5;241;43m.[39;49m[43m_cache[49m[43m[[49m[43mkey[49m[43m][49m
[1;32m     57[0m     [38;5;28mself[39m[38;5;241m.[39m_cache[38;5;241m.[39mmove_to_end(key)

[0;31mKeyError[0m: [<class 'netCDF4._netCDF4.Dataset'>, ('/data1/drought_dataset/spei/spei12/SPEI12_genlogistic_global_era5_moda_ref1991to2020_196806.nc',), 'r', (('clobber', True), ('diskless', False), ('format', 'NETCDF4'), ('persist', False)), 'b9f9d0aa-acd0-4936-951c-f3ac27d14996']

During handling of the above exception, another exception occurred:

[0;31mKeyboardInterrupt[0m                         Traceback (most recent call last)
Cell [0;32mIn[3], line 2[0m
[1;32m      1[0m [38;5;66;03m# Load dataset[39;00m
[0;32m----> 2[0m spei_data [38;5;241m=[39m [43mget_spei_dataset[49m[43m([49m[43macc_period[49m[38;5;241;43m=[39;49m[38;5;241;43m12[39;49m[43m,[49m[43m [49m[43myears[49m[38;5;241;43m=[39;49m[38;5;28;43mlist[39;49m[43m([49m[38;5;28;43mrange[39;49m[43m([49m[38;5;241;43m1940[39;49m[43m,[49m[43m [49m[38;5;241;43m2025[39;49m[43m)[49m[43m)[49m[43m)[49m
[1;32m      3[0m spei48_region [38;5;241m=[39m mask_invalid_values(spei_data, variable[38;5;241m=[39m[38;5;124m'[39m[38;5;124mSPEI12[39m[38;5;124m'[39m)

Cell [0;32mIn[2], line 22[0m, in [0;36mget_spei_dataset[0;34m(acc_period, years)[0m
[1;32m     18[0m [38;5;28;01mfor[39;00m year [38;5;129;01min[39;00m years:
[1;32m     19[0m     spi_paths[38;5;241m.[39mextend([38;5;28msorted[39m(glob[38;5;241m.[39mglob(
[1;32m     20[0m         [38;5;124mf[39m[38;5;124m'[39m[38;5;132;01m{[39;00mdata_root_folder[38;5;132;01m}[39;00m[38;5;124mspei[39m[38;5;132;01m{[39;00macc_period[38;5;132;01m}[39;00m[38;5;124m/SPEI[39m[38;5;132;01m{[39;00macc_period[38;5;132;01m}[39;00m[38;5;124m_genlogistic_global_era5_moda_ref1991to2020_[39m[38;5;132;01m{[39;00myear[38;5;132;01m}[39;00m[38;5;124m*.nc[39m[38;5;124m'[39m)))
[0;32m---> 22[0m [38;5;28;01mreturn[39;00m [43mxr[49m[38;5;241;43m.[39;49m[43mopen_mfdataset[49m[43m([49m[43mspi_paths[49m[43m,[49m[43m [49m[43mchunks[49m[38;5;241;43m=[39;49m[43m{[49m[38;5;124;43m'[39;49m[38;5;124;43mtime[39;49m[38;5;124;43m'[39;49m[43m:[49m[43m [49m[38;5;124;43m"[39;49m[38;5;124;43mauto[39;49m[38;5;124;43m"[39;49m[43m}[49m[43m,[49m[43m [49m[43mconcat_dim[49m[38;5;241;43m=[39;49m[38;5;124;43m"[39;49m[38;5;124;43mtime[39;49m[38;5;124;43m"[39;49m[43m,[49m[43m [49m[43mcombine[49m[38;5;241;43m=[39;49m[38;5;124;43m'[39;49m[38;5;124;43mnested[39;49m[38;5;124;43m'[39;49m[43m,[49m[43m [49m[43mparallel[49m[38;5;241;43m=[39;49m[38;5;28;43;01mFalse[39;49;00m[43m)[49m

File [0;32m~/drought-311-venv/lib64/python3.11/site-packages/xarray/backends/api.py:1077[0m, in [0;36mopen_mfdataset[0;34m(paths, chunks, concat_dim, compat, preprocess, engine, data_vars, coords, combine, parallel, join, attrs_file, combine_attrs, **kwargs)[0m
[1;32m   1074[0m     open_ [38;5;241m=[39m open_dataset
[1;32m   1075[0m     getattr_ [38;5;241m=[39m [38;5;28mgetattr[39m
[0;32m-> 1077[0m datasets [38;5;241m=[39m [43m[[49m[43mopen_[49m[43m([49m[43mp[49m[43m,[49m[43m [49m[38;5;241;43m*[39;49m[38;5;241;43m*[39;49m[43mopen_kwargs[49m[43m)[49m[43m [49m[38;5;28;43;01mfor[39;49;00m[43m [49m[43mp[49m[43m [49m[38;5;129;43;01min[39;49;00m[43m [49m[43mpaths[49m[43m][49m
[1;32m   1078[0m closers [38;5;241m=[39m [getattr_(ds, [38;5;124m"[39m[38;5;124m_close[39m[38;5;124m"[39m) [38;5;28;01mfor[39;00m ds [38;5;129;01min[39;00m datasets]
[1;32m   1079[0m [38;5;28;01mif[39;00m preprocess [38;5;129;01mis[39;00m [38;5;129;01mnot[39;00m [38;5;28;01mNone[39;00m:

File [0;32m~/drought-311-venv/lib64/python3.11/site-packages/xarray/backends/api.py:1077[0m, in [0;36m<listcomp>[0;34m(.0)[0m
[1;32m   1074[0m     open_ [38;5;241m=[39m open_dataset
[1;32m   1075[0m     getattr_ [38;5;241m=[39m [38;5;28mgetattr[39m
[0;32m-> 1077[0m datasets [38;5;241m=[39m [[43mopen_[49m[43m([49m[43mp[49m[43m,[49m[43m [49m[38;5;241;43m*[39;49m[38;5;241;43m*[39;49m[43mopen_kwargs[49m[43m)[49m [38;5;28;01mfor[39;00m p [38;5;129;01min[39;00m paths]
[1;32m   1078[0m closers [38;5;241m=[39m [getattr_(ds, [38;5;124m"[39m[38;5;124m_close[39m[38;5;124m"[39m) [38;5;28;01mfor[39;00m ds [38;5;129;01min[39;00m datasets]
[1;32m   1079[0m [38;5;28;01mif[39;00m preprocess [38;5;129;01mis[39;00m [38;5;129;01mnot[39;00m [38;5;28;01mNone[39;00m:

File [0;32m~/drought-311-venv/lib64/python3.11/site-packages/xarray/backends/api.py:588[0m, in [0;36mopen_dataset[0;34m(filename_or_obj, engine, chunks, cache, decode_cf, mask_and_scale, decode_times, decode_timedelta, use_cftime, concat_characters, decode_coords, drop_variables, inline_array, chunked_array_type, from_array_kwargs, backend_kwargs, **kwargs)[0m
[1;32m    576[0m decoders [38;5;241m=[39m _resolve_decoders_kwargs(
[1;32m    577[0m     decode_cf,
[1;32m    578[0m     open_backend_dataset_parameters[38;5;241m=[39mbackend[38;5;241m.[39mopen_dataset_parameters,
[0;32m   (...)[0m
[1;32m    584[0m     decode_coords[38;5;241m=[39mdecode_coords,
[1;32m    585[0m )
[1;32m    587[0m overwrite_encoded_chunks [38;5;241m=[39m kwargs[38;5;241m.[39mpop([38;5;124m"[39m[38;5;124moverwrite_encoded_chunks[39m[38;5;124m"[39m, [38;5;28;01mNone[39;00m)
[0;32m--> 588[0m backend_ds [38;5;241m=[39m [43mbackend[49m[38;5;241;43m.[39;49m[43mopen_dataset[49m[43m([49m
[1;32m    589[0m [43m    [49m[43mfilename_or_obj[49m[43m,[49m
[1;32m    590[0m [43m    [49m[43mdrop_variables[49m[38;5;241;43m=[39;49m[43mdrop_variables[49m[43m,[49m
[1;32m    591[0m [43m    [49m[38;5;241;43m*[39;49m[38;5;241;43m*[39;49m[43mdecoders[49m[43m,[49m
[1;32m    592[0m [43m    [49m[38;5;241;43m*[39;49m[38;5;241;43m*[39;49m[43mkwargs[49m[43m,[49m
[1;32m    593[0m [43m[49m[43m)[49m
[1;32m    594[0m ds [38;5;241m=[39m _dataset_from_backend_dataset(
[1;32m    595[0m     backend_ds,
[1;32m    596[0m     filename_or_obj,
[0;32m   (...)[0m
[1;32m    606[0m     [38;5;241m*[39m[38;5;241m*[39mkwargs,
[1;32m    607[0m )
[1;32m    608[0m [38;5;28;01mreturn[39;00m ds

File [0;32m~/drought-311-venv/lib64/python3.11/site-packages/xarray/backends/netCDF4_.py:645[0m, in [0;36mNetCDF4BackendEntrypoint.open_dataset[0;34m(self, filename_or_obj, mask_and_scale, decode_times, concat_characters, decode_coords, drop_variables, use_cftime, decode_timedelta, group, mode, format, clobber, diskless, persist, lock, autoclose)[0m
[1;32m    624[0m [38;5;28;01mdef[39;00m [38;5;21mopen_dataset[39m(  [38;5;66;03m# type: ignore[override]  # allow LSP violation, not supporting **kwargs[39;00m
[1;32m    625[0m     [38;5;28mself[39m,
[1;32m    626[0m     filename_or_obj: [38;5;28mstr[39m [38;5;241m|[39m os[38;5;241m.[39mPathLike[Any] [38;5;241m|[39m BufferedIOBase [38;5;241m|[39m AbstractDataStore,
[0;32m   (...)[0m
[1;32m    642[0m     autoclose[38;5;241m=[39m[38;5;28;01mFalse[39;00m,
[1;32m    643[0m ) [38;5;241m-[39m[38;5;241m>[39m Dataset:
[1;32m    644[0m     filename_or_obj [38;5;241m=[39m _normalize_path(filename_or_obj)
[0;32m--> 645[0m     store [38;5;241m=[39m [43mNetCDF4DataStore[49m[38;5;241;43m.[39;49m[43mopen[49m[43m([49m
[1;32m    646[0m [43m        [49m[43mfilename_or_obj[49m[43m,[49m
[1;32m    647[0m [43m        [49m[43mmode[49m[38;5;241;43m=[39;49m[43mmode[49m[43m,[49m
[1;32m    648[0m [43m        [49m[38;5;28;43mformat[39;49m[38;5;241;43m=[39;49m[38;5;28;43mformat[39;49m[43m,[49m
[1;32m    649[0m [43m        [49m[43mgroup[49m[38;5;241;43m=[39;49m[43mgroup[49m[43m,[49m
[1;32m    650[0m [43m        [49m[43mclobber[49m[38;5;241;43m=[39;49m[43mclobber[49m[43m,[49m
[1;32m    651[0m [43m        [49m[43mdiskless[49m[38;5;241;43m=[39;49m[43mdiskless[49m[43m,[49m
[1;32m    652[0m [43m        [49m[43mpersist[49m[38;5;241;43m=[39;49m[43mpersist[49m[43m,[49m
[1;32m    653[0m [43m        [49m[43mlock[49m[38;5;241;43m=[39;49m[43mlock[49m[43m,[49m
[1;32m    654[0m [43m        [49m[43mautoclose[49m[38;5;241;43m=[39;49m[43mautoclose[49m[43m,[49m
[1;32m    655[0m [43m    [49m[43m)[49m
[1;32m    657[0m     store_entrypoint [38;5;241m=[39m StoreBackendEntrypoint()
[1;32m    658[0m     [38;5;28;01mwith[39;00m close_on_error(store):

File [0;32m~/drought-311-venv/lib64/python3.11/site-packages/xarray/backends/netCDF4_.py:408[0m, in [0;36mNetCDF4DataStore.open[0;34m(cls, filename, mode, format, group, clobber, diskless, persist, lock, lock_maker, autoclose)[0m
[1;32m    402[0m kwargs [38;5;241m=[39m [38;5;28mdict[39m(
[1;32m    403[0m     clobber[38;5;241m=[39mclobber, diskless[38;5;241m=[39mdiskless, persist[38;5;241m=[39mpersist, [38;5;28mformat[39m[38;5;241m=[39m[38;5;28mformat[39m
[1;32m    404[0m )
[1;32m    405[0m manager [38;5;241m=[39m CachingFileManager(
[1;32m    406[0m     netCDF4[38;5;241m.[39mDataset, filename, mode[38;5;241m=[39mmode, kwargs[38;5;241m=[39mkwargs
[1;32m    407[0m )
[0;32m--> 408[0m [38;5;28;01mreturn[39;00m [38;5;28;43mcls[39;49m[43m([49m[43mmanager[49m[43m,[49m[43m [49m[43mgroup[49m[38;5;241;43m=[39;49m[43mgroup[49m[43m,[49m[43m [49m[43mmode[49m[38;5;241;43m=[39;49m[43mmode[49m[43m,[49m[43m [49m[43mlock[49m[38;5;241;43m=[39;49m[43mlock[49m[43m,[49m[43m [49m[43mautoclose[49m[38;5;241;43m=[39;49m[43mautoclose[49m[43m)[49m

File [0;32m~/drought-311-venv/lib64/python3.11/site-packages/xarray/backends/netCDF4_.py:355[0m, in [0;36mNetCDF4DataStore.__init__[0;34m(self, manager, group, mode, lock, autoclose)[0m
[1;32m    353[0m [38;5;28mself[39m[38;5;241m.[39m_group [38;5;241m=[39m group
[1;32m    354[0m [38;5;28mself[39m[38;5;241m.[39m_mode [38;5;241m=[39m mode
[0;32m--> 355[0m [38;5;28mself[39m[38;5;241m.[39mformat [38;5;241m=[39m [38;5;28;43mself[39;49m[38;5;241;43m.[39;49m[43mds[49m[38;5;241m.[39mdata_model
[1;32m    356[0m [38;5;28mself[39m[38;5;241m.[39m_filename [38;5;241m=[39m [38;5;28mself[39m[38;5;241m.[39mds[38;5;241m.[39mfilepath()
[1;32m    357[0m [38;5;28mself[39m[38;5;241m.[39mis_remote [38;5;241m=[39m is_remote_uri([38;5;28mself[39m[38;5;241m.[39m_filename)

File [0;32m~/drought-311-venv/lib64/python3.11/site-packages/xarray/backends/netCDF4_.py:417[0m, in [0;36mNetCDF4DataStore.ds[0;34m(self)[0m
[1;32m    415[0m [38;5;129m@property[39m
[1;32m    416[0m [38;5;28;01mdef[39;00m [38;5;21mds[39m([38;5;28mself[39m):
[0;32m--> 417[0m     [38;5;28;01mreturn[39;00m [38;5;28;43mself[39;49m[38;5;241;43m.[39;49m[43m_acquire[49m[43m([49m[43m)[49m

File [0;32m~/drought-311-venv/lib64/python3.11/site-packages/xarray/backends/netCDF4_.py:411[0m, in [0;36mNetCDF4DataStore._acquire[0;34m(self, needs_lock)[0m
[1;32m    410[0m [38;5;28;01mdef[39;00m [38;5;21m_acquire[39m([38;5;28mself[39m, needs_lock[38;5;241m=[39m[38;5;28;01mTrue[39;00m):
[0;32m--> 411[0m [43m    [49m[38;5;28;43;01mwith[39;49;00m[43m [49m[38;5;28;43mself[39;49m[38;5;241;43m.[39;49m[43m_manager[49m[38;5;241;43m.[39;49m[43macquire_context[49m[43m([49m[43mneeds_lock[49m[43m)[49m[43m [49m[38;5;28;43;01mas[39;49;00m[43m [49m[43mroot[49m[43m:[49m
[1;32m    412[0m [43m        [49m[43mds[49m[43m [49m[38;5;241;43m=[39;49m[43m [49m[43m_nc4_require_group[49m[43m([49m[43mroot[49m[43m,[49m[43m [49m[38;5;28;43mself[39;49m[38;5;241;43m.[39;49m[43m_group[49m[43m,[49m[43m [49m[38;5;28;43mself[39;49m[38;5;241;43m.[39;49m[43m_mode[49m[43m)[49m
[1;32m    413[0m     [38;5;28;01mreturn[39;00m ds

File [0;32m/usr/lib64/python3.11/contextlib.py:137[0m, in [0;36m_GeneratorContextManager.__enter__[0;34m(self)[0m
[1;32m    135[0m [38;5;28;01mdel[39;00m [38;5;28mself[39m[38;5;241m.[39margs, [38;5;28mself[39m[38;5;241m.[39mkwds, [38;5;28mself[39m[38;5;241m.[39mfunc
[1;32m    136[0m [38;5;28;01mtry[39;00m:
[0;32m--> 137[0m     [38;5;28;01mreturn[39;00m [38;5;28mnext[39m([38;5;28mself[39m[38;5;241m.[39mgen)
[1;32m    138[0m [38;5;28;01mexcept[39;00m [38;5;167;01mStopIteration[39;00m:
[1;32m    139[0m     [38;5;28;01mraise[39;00m [38;5;167;01mRuntimeError[39;00m([38;5;124m"[39m[38;5;124mgenerator didn[39m[38;5;124m'[39m[38;5;124mt yield[39m[38;5;124m"[39m) [38;5;28;01mfrom[39;00m [38;5;28;01mNone[39;00m

File [0;32m~/drought-311-venv/lib64/python3.11/site-packages/xarray/backends/file_manager.py:199[0m, in [0;36mCachingFileManager.acquire_context[0;34m(self, needs_lock)[0m
[1;32m    196[0m [38;5;129m@contextlib[39m[38;5;241m.[39mcontextmanager
[1;32m    197[0m [38;5;28;01mdef[39;00m [38;5;21macquire_context[39m([38;5;28mself[39m, needs_lock[38;5;241m=[39m[38;5;28;01mTrue[39;00m):
[1;32m    198[0m [38;5;250m    [39m[38;5;124;03m"""Context manager for acquiring a file."""[39;00m
[0;32m--> 199[0m     file, cached [38;5;241m=[39m [38;5;28;43mself[39;49m[38;5;241;43m.[39;49m[43m_acquire_with_cache_info[49m[43m([49m[43mneeds_lock[49m[43m)[49m
[1;32m    200[0m     [38;5;28;01mtry[39;00m:
[1;32m    201[0m         [38;5;28;01myield[39;00m file

File [0;32m~/drought-311-venv/lib64/python3.11/site-packages/xarray/backends/file_manager.py:217[0m, in [0;36mCachingFileManager._acquire_with_cache_info[0;34m(self, needs_lock)[0m
[1;32m    215[0m     kwargs [38;5;241m=[39m kwargs[38;5;241m.[39mcopy()
[1;32m    216[0m     kwargs[[38;5;124m"[39m[38;5;124mmode[39m[38;5;124m"[39m] [38;5;241m=[39m [38;5;28mself[39m[38;5;241m.[39m_mode
[0;32m--> 217[0m file [38;5;241m=[39m [38;5;28;43mself[39;49m[38;5;241;43m.[39;49m[43m_opener[49m[43m([49m[38;5;241;43m*[39;49m[38;5;28;43mself[39;49m[38;5;241;43m.[39;49m[43m_args[49m[43m,[49m[43m [49m[38;5;241;43m*[39;49m[38;5;241;43m*[39;49m[43mkwargs[49m[43m)[49m
[1;32m    218[0m [38;5;28;01mif[39;00m [38;5;28mself[39m[38;5;241m.[39m_mode [38;5;241m==[39m [38;5;124m"[39m[38;5;124mw[39m[38;5;124m"[39m:
[1;32m    219[0m     [38;5;66;03m# ensure file doesn't get overridden when opened again[39;00m
[1;32m    220[0m     [38;5;28mself[39m[38;5;241m.[39m_mode [38;5;241m=[39m [38;5;124m"[39m[38;5;124ma[39m[38;5;124m"[39m

File [0;32msrc/netCDF4/_netCDF4.pyx:2489[0m, in [0;36mnetCDF4._netCDF4.Dataset.__init__[0;34m()[0m

File [0;32msrc/netCDF4/_netCDF4.pyx:2082[0m, in [0;36mgenexpr[0;34m()[0m

File [0;32msrc/netCDF4/_netCDF4.pyx:2082[0m, in [0;36mgenexpr[0;34m()[0m

File [0;32m~/drought-311-venv/lib64/python3.11/site-packages/netCDF4/utils.py:32[0m, in [0;36m_find_dim[0;34m(grp, dimname)[0m
[1;32m     28[0m [38;5;28;01mdef[39;00m [38;5;21m_sortbylist[39m(A,B):
[1;32m     29[0m     [38;5;66;03m# sort one list (A) using the values from another list (B)[39;00m
[1;32m     30[0m     [38;5;28;01mreturn[39;00m [A[i] [38;5;28;01mfor[39;00m i [38;5;129;01min[39;00m [38;5;28msorted[39m([38;5;28mrange[39m([38;5;28mlen[39m(A)), key[38;5;241m=[39mB[38;5;241m.[39m[38;5;21m__getitem__[39m)]
[0;32m---> 32[0m [38;5;28;01mdef[39;00m [38;5;21m_find_dim[39m(grp, dimname):
[1;32m     33[0m     [38;5;66;03m# find Dimension instance given group and name.[39;00m
[1;32m     34[0m     [38;5;66;03m# look in current group, and parents.[39;00m
[1;32m     35[0m     group [38;5;241m=[39m grp
[1;32m     36[0m     dim [38;5;241m=[39m [38;5;28;01mNone[39;00m

[0;31mKeyboardInterrupt[0m: 

